05-03-2013 15:54:37.804 21511 [pool-1-thread-2] DEBUG org.hibernate.engine.loading.internal.CollectionLoadContext null - 1 collections initialized for role: com.tsystems.javaschool.common.entities.Train.timetables
05-03-2013 15:54:37.804 21511 [pool-1-thread-2] DEBUG org.hibernate.loader.Loader null - Done loading collection
05-03-2013 15:54:37.804 21511 [pool-1-thread-2] DEBUG org.hibernate.loader.Loader null - Loading collection: [com.tsystems.javaschool.common.entities.Station.timetables#2]
05-03-2013 15:54:37.804 21511 [pool-1-thread-2] DEBUG org.hibernate.SQL null - select timetables0_.station_id as station4_0_2_, timetables0_.id as id2_, timetables0_.id as id2_1_, timetables0_.station_id as station4_2_1_, timetables0_.station_type as station2_2_1_, timetables0_.time as time2_1_, timetables0_.train_id as train5_2_1_, train1_.id as id3_0_, train1_.capacity as capacity3_0_, train1_.name as name3_0_, train1_.number as number3_0_ from Railway.timetable timetables0_ inner join Railway.trains train1_ on timetables0_.train_id=train1_.id where timetables0_.station_id=?
05-03-2013 15:54:37.804 21511 [pool-1-thread-2] DEBUG org.hibernate.loader.Loader null - Result set contains (possibly empty) collection: [com.tsystems.javaschool.common.entities.Station.timetables#2]
05-03-2013 15:54:37.804 21511 [pool-1-thread-2] DEBUG org.hibernate.loader.Loader null - Result set row: 0
05-03-2013 15:54:37.804 21511 [pool-1-thread-2] DEBUG org.hibernate.loader.Loader null - Result row: EntityKey[com.tsystems.javaschool.common.entities.Train#1], EntityKey[com.tsystems.javaschool.common.entities.Timetable#2]
05-03-2013 15:54:37.804 21511 [pool-1-thread-2] DEBUG org.hibernate.loader.Loader null - Found row of collection: [com.tsystems.javaschool.common.entities.Station.timetables#2]
05-03-2013 15:54:37.804 21511 [pool-1-thread-2] DEBUG org.hibernate.loader.Loader null - Result set row: 1
05-03-2013 15:54:37.804 21511 [pool-1-thread-2] DEBUG org.hibernate.loader.Loader null - Result row: EntityKey[com.tsystems.javaschool.common.entities.Train#2], EntityKey[com.tsystems.javaschool.common.entities.Timetable#4]
05-03-2013 15:54:37.804 21511 [pool-1-thread-2] DEBUG org.hibernate.loader.Loader null - Found row of collection: [com.tsystems.javaschool.common.entities.Station.timetables#2]
05-03-2013 15:54:37.804 21511 [pool-1-thread-2] DEBUG org.hibernate.engine.internal.TwoPhaseLoad null - Resolving associations for [com.tsystems.javaschool.common.entities.Timetable#2]
05-03-2013 15:54:37.804 21511 [pool-1-thread-2] DEBUG org.hibernate.engine.internal.TwoPhaseLoad null - Done materializing entity [com.tsystems.javaschool.common.entities.Timetable#2]
05-03-2013 15:54:37.804 21511 [pool-1-thread-2] DEBUG org.hibernate.engine.loading.internal.CollectionLoadContext null - 1 collections were found in result set for role: com.tsystems.javaschool.common.entities.Station.timetables
05-03-2013 15:54:37.804 21511 [pool-1-thread-2] DEBUG org.hibernate.engine.loading.internal.CollectionLoadContext null - Collection fully initialized: [com.tsystems.javaschool.common.entities.Station.timetables#2]
05-03-2013 15:54:37.804 21511 [pool-1-thread-2] DEBUG org.hibernate.engine.loading.internal.CollectionLoadContext null - 1 collections initialized for role: com.tsystems.javaschool.common.entities.Station.timetables
05-03-2013 15:54:37.804 21511 [pool-1-thread-2] DEBUG org.hibernate.loader.Loader null - Done loading collection
05-03-2013 15:54:37.804 21511 [pool-1-thread-2] DEBUG org.hibernate.loader.Loader null - Loading collection: [com.tsystems.javaschool.common.entities.Train.tickets#2]
05-03-2013 15:54:37.804 21511 [pool-1-thread-2] DEBUG org.hibernate.SQL null - select tickets0_.train_id as train3_3_2_, tickets0_.id as id2_, tickets0_.id as id1_1_, tickets0_.date as date1_1_, tickets0_.train_id as train3_1_1_, tickets0_.user_id as user4_1_1_, user1_.id as id4_0_, user1_.birthdate as birthdate4_0_, user1_.email as email4_0_, user1_.login as login4_0_, user1_.name as name4_0_, user1_.password as password4_0_, user1_.status as status4_0_, user1_.surname as surname4_0_, user1_.ts_login as ts9_4_0_, user1_.user_type as user10_4_0_ from Railway.tickets tickets0_ inner join Railway.users user1_ on tickets0_.user_id=user1_.id where tickets0_.train_id=?
05-03-2013 15:54:37.804 21511 [pool-1-thread-2] DEBUG org.hibernate.loader.Loader null - Result set contains (possibly empty) collection: [com.tsystems.javaschool.common.entities.Train.tickets#2]
05-03-2013 15:54:37.804 21511 [pool-1-thread-2] DEBUG org.hibernate.engine.loading.internal.CollectionLoadContext null - 1 collections were found in result set for role: com.tsystems.javaschool.common.entities.Train.tickets
05-03-2013 15:54:37.804 21511 [pool-1-thread-2] DEBUG org.hibernate.engine.loading.internal.CollectionLoadContext null - Collection fully initialized: [com.tsystems.javaschool.common.entities.Train.tickets#2]
05-03-2013 15:54:37.804 21511 [pool-1-thread-2] DEBUG org.hibernate.engine.loading.internal.CollectionLoadContext null - 1 collections initialized for role: com.tsystems.javaschool.common.entities.Train.tickets
05-03-2013 15:54:37.804 21511 [pool-1-thread-2] DEBUG org.hibernate.loader.Loader null - Done loading collection
05-03-2013 15:54:37.804 21511 [pool-1-thread-2] DEBUG org.hibernate.loader.Loader null - Loading collection: [com.tsystems.javaschool.common.entities.Train.tickets#4]
05-03-2013 15:54:37.804 21511 [pool-1-thread-2] DEBUG org.hibernate.SQL null - select tickets0_.train_id as train3_3_2_, tickets0_.id as id2_, tickets0_.id as id1_1_, tickets0_.date as date1_1_, tickets0_.train_id as train3_1_1_, tickets0_.user_id as user4_1_1_, user1_.id as id4_0_, user1_.birthdate as birthdate4_0_, user1_.email as email4_0_, user1_.login as login4_0_, user1_.name as name4_0_, user1_.password as password4_0_, user1_.status as status4_0_, user1_.surname as surname4_0_, user1_.ts_login as ts9_4_0_, user1_.user_type as user10_4_0_ from Railway.tickets tickets0_ inner join Railway.users user1_ on tickets0_.user_id=user1_.id where tickets0_.train_id=?
05-03-2013 15:54:37.804 21511 [pool-1-thread-2] DEBUG org.hibernate.loader.Loader null - Result set contains (possibly empty) collection: [com.tsystems.javaschool.common.entities.Train.tickets#4]
05-03-2013 15:54:37.804 21511 [pool-1-thread-2] DEBUG org.hibernate.loader.Loader null - Result set row: 0
05-03-2013 15:54:37.804 21511 [pool-1-thread-2] DEBUG org.hibernate.loader.Loader null - Result row: EntityKey[com.tsystems.javaschool.common.entities.User#1], EntityKey[com.tsystems.javaschool.common.entities.Ticket#2]
05-03-2013 15:54:37.804 21511 [pool-1-thread-2] DEBUG org.hibernate.loader.Loader null - Found row of collection: [com.tsystems.javaschool.common.entities.Train.tickets#4]
05-03-2013 15:54:37.804 21511 [pool-1-thread-2] DEBUG org.hibernate.loader.Loader null - Result set row: 1
05-03-2013 15:54:37.804 21511 [pool-1-thread-2] DEBUG org.hibernate.loader.Loader null - Result row: EntityKey[com.tsystems.javaschool.common.entities.User#2], EntityKey[com.tsystems.javaschool.common.entities.Ticket#3]
05-03-2013 15:54:37.804 21511 [pool-1-thread-2] DEBUG org.hibernate.loader.Loader null - Found row of collection: [com.tsystems.javaschool.common.entities.Train.tickets#4]
05-03-2013 15:54:37.804 21511 [pool-1-thread-2] DEBUG org.hibernate.engine.loading.internal.CollectionLoadContext null - 1 collections were found in result set for role: com.tsystems.javaschool.common.entities.Train.tickets
05-03-2013 15:54:37.804 21511 [pool-1-thread-2] DEBUG org.hibernate.engine.loading.internal.CollectionLoadContext null - Collection fully initialized: [com.tsystems.javaschool.common.entities.Train.tickets#4]
05-03-2013 15:54:37.804 21511 [pool-1-thread-2] DEBUG org.hibernate.engine.loading.internal.CollectionLoadContext null - 1 collections initialized for role: com.tsystems.javaschool.common.entities.Train.tickets
05-03-2013 15:54:37.804 21511 [pool-1-thread-2] DEBUG org.hibernate.loader.Loader null - Done loading collection
05-03-2013 15:54:37.804 21511 [pool-1-thread-2] DEBUG org.hibernate.loader.Loader null - Loading collection: [com.tsystems.javaschool.common.entities.Train.timetables#1]
05-03-2013 15:54:37.804 21511 [pool-1-thread-2] DEBUG org.hibernate.SQL null - select timetables0_.train_id as train5_3_2_, timetables0_.id as id2_, timetables0_.id as id2_1_, timetables0_.station_id as station4_2_1_, timetables0_.station_type as station2_2_1_, timetables0_.time as time2_1_, timetables0_.train_id as train5_2_1_, station1_.id as id0_0_, station1_.name as name0_0_ from Railway.timetable timetables0_ inner join Railway.stations station1_ on timetables0_.station_id=station1_.id where timetables0_.train_id=?
05-03-2013 15:54:37.804 21511 [pool-1-thread-2] DEBUG org.hibernate.loader.Loader null - Result set contains (possibly empty) collection: [com.tsystems.javaschool.common.entities.Train.timetables#1]
05-03-2013 15:54:37.804 21511 [pool-1-thread-2] DEBUG org.hibernate.loader.Loader null - Result set row: 0
05-03-2013 15:54:37.804 21511 [pool-1-thread-2] DEBUG org.hibernate.loader.Loader null - Result row: EntityKey[com.tsystems.javaschool.common.entities.Station#1], EntityKey[com.tsystems.javaschool.common.entities.Timetable#1]
05-03-2013 15:54:37.804 21511 [pool-1-thread-2] DEBUG org.hibernate.loader.Loader null - Found row of collection: [com.tsystems.javaschool.common.entities.Train.timetables#1]
05-03-2013 15:54:37.804 21511 [pool-1-thread-2] DEBUG org.hibernate.loader.Loader null - Result set row: 1
05-03-2013 15:54:37.804 21511 [pool-1-thread-2] DEBUG org.hibernate.loader.Loader null - Result row: EntityKey[com.tsystems.javaschool.common.entities.Station#2], EntityKey[com.tsystems.javaschool.common.entities.Timetable#2]
05-03-2013 15:54:37.804 21511 [pool-1-thread-2] DEBUG org.hibernate.loader.Loader null - Found row of collection: [com.tsystems.javaschool.common.entities.Train.timetables#1]
05-03-2013 15:54:37.804 21511 [pool-1-thread-2] DEBUG org.hibernate.engine.loading.internal.CollectionLoadContext null - 1 collections were found in result set for role: com.tsystems.javaschool.common.entities.Train.timetables
05-03-2013 15:54:37.804 21511 [pool-1-thread-2] DEBUG org.hibernate.engine.loading.internal.CollectionLoadContext null - Collection fully initialized: [com.tsystems.javaschool.common.entities.Train.timetables#1]
05-03-2013 15:54:37.804 21511 [pool-1-thread-2] DEBUG org.hibernate.engine.loading.internal.CollectionLoadContext null - 1 collections initialized for role: com.tsystems.javaschool.common.entities.Train.timetables
05-03-2013 15:54:37.804 21511 [pool-1-thread-2] DEBUG org.hibernate.loader.Loader null - Done loading collection
05-03-2013 15:54:37.804 21511 [pool-1-thread-2] DEBUG org.hibernate.loader.Loader null - Loading collection: [com.tsystems.javaschool.common.entities.Train.tickets#1]
05-03-2013 15:54:37.804 21511 [pool-1-thread-2] DEBUG org.hibernate.SQL null - select tickets0_.train_id as train3_3_2_, tickets0_.id as id2_, tickets0_.id as id1_1_, tickets0_.date as date1_1_, tickets0_.train_id as train3_1_1_, tickets0_.user_id as user4_1_1_, user1_.id as id4_0_, user1_.birthdate as birthdate4_0_, user1_.email as email4_0_, user1_.login as login4_0_, user1_.name as name4_0_, user1_.password as password4_0_, user1_.status as status4_0_, user1_.surname as surname4_0_, user1_.ts_login as ts9_4_0_, user1_.user_type as user10_4_0_ from Railway.tickets tickets0_ inner join Railway.users user1_ on tickets0_.user_id=user1_.id where tickets0_.train_id=?
05-03-2013 15:54:37.804 21511 [pool-1-thread-2] DEBUG org.hibernate.loader.Loader null - Result set contains (possibly empty) collection: [com.tsystems.javaschool.common.entities.Train.tickets#1]
05-03-2013 15:54:37.804 21511 [pool-1-thread-2] DEBUG org.hibernate.loader.Loader null - Result set row: 0
05-03-2013 15:54:37.835 21542 [pool-1-thread-2] DEBUG org.hibernate.loader.Loader null - Result row: EntityKey[com.tsystems.javaschool.common.entities.User#1], EntityKey[com.tsystems.javaschool.common.entities.Ticket#1]
05-03-2013 15:54:37.835 21542 [pool-1-thread-2] DEBUG org.hibernate.loader.Loader null - Found row of collection: [com.tsystems.javaschool.common.entities.Train.tickets#1]
05-03-2013 15:54:37.835 21542 [pool-1-thread-2] DEBUG org.hibernate.engine.loading.internal.CollectionLoadContext null - 1 collections were found in result set for role: com.tsystems.javaschool.common.entities.Train.tickets
05-03-2013 15:54:37.835 21542 [pool-1-thread-2] DEBUG org.hibernate.engine.loading.internal.CollectionLoadContext null - Collection fully initialized: [com.tsystems.javaschool.common.entities.Train.tickets#1]
05-03-2013 15:54:37.835 21542 [pool-1-thread-2] DEBUG org.hibernate.engine.loading.internal.CollectionLoadContext null - 1 collections initialized for role: com.tsystems.javaschool.common.entities.Train.tickets
05-03-2013 15:54:37.835 21542 [pool-1-thread-2] DEBUG org.hibernate.loader.Loader null - Done loading collection
05-03-2013 15:54:37.835 21542 [pool-1-thread-2] DEBUG org.hibernate.engine.transaction.spi.AbstractTransactionImpl null - committing
05-03-2013 15:54:37.835 21542 [pool-1-thread-2] DEBUG org.hibernate.event.internal.AbstractFlushingEventListener null - Processing flush-time cascades
05-03-2013 15:54:37.835 21542 [pool-1-thread-2] DEBUG org.hibernate.event.internal.AbstractFlushingEventListener null - Dirty checking collections
05-03-2013 15:54:37.835 21542 [pool-1-thread-2] DEBUG org.hibernate.engine.internal.Collections null - Collection found: [com.tsystems.javaschool.common.entities.User.tickets#1], was: [com.tsystems.javaschool.common.entities.User.tickets#1] (initialized)
05-03-2013 15:54:37.835 21542 [pool-1-thread-2] DEBUG org.hibernate.engine.internal.Collections null - Collection found: [com.tsystems.javaschool.common.entities.Train.tickets#1], was: [com.tsystems.javaschool.common.entities.Train.tickets#1] (initialized)
05-03-2013 15:54:37.835 21542 [pool-1-thread-2] DEBUG org.hibernate.engine.internal.Collections null - Collection found: [com.tsystems.javaschool.common.entities.Train.timetables#1], was: [com.tsystems.javaschool.common.entities.Train.timetables#1] (initialized)
05-03-2013 15:54:37.835 21542 [pool-1-thread-2] DEBUG org.hibernate.engine.internal.Collections null - Collection found: [com.tsystems.javaschool.common.entities.Train.tickets#4], was: [com.tsystems.javaschool.common.entities.Train.tickets#4] (initialized)
05-03-2013 15:54:37.835 21542 [pool-1-thread-2] DEBUG org.hibernate.engine.internal.Collections null - Collection found: [com.tsystems.javaschool.common.entities.Train.timetables#4], was: [com.tsystems.javaschool.common.entities.Train.timetables#4] (initialized)
05-03-2013 15:54:37.835 21542 [pool-1-thread-2] DEBUG org.hibernate.engine.internal.Collections null - Collection found: [com.tsystems.javaschool.common.entities.Station.timetables#1], was: [com.tsystems.javaschool.common.entities.Station.timetables#1] (initialized)
05-03-2013 15:54:37.835 21542 [pool-1-thread-2] DEBUG org.hibernate.engine.internal.Collections null - Collection found: [com.tsystems.javaschool.common.entities.Station.timetables#5], was: [com.tsystems.javaschool.common.entities.Station.timetables#5] (initialized)
05-03-2013 15:54:37.835 21542 [pool-1-thread-2] DEBUG org.hibernate.engine.internal.Collections null - Collection found: [com.tsystems.javaschool.common.entities.Train.tickets#2], was: [com.tsystems.javaschool.common.entities.Train.tickets#2] (initialized)
05-03-2013 15:54:37.835 21542 [pool-1-thread-2] DEBUG org.hibernate.engine.internal.Collections null - Collection found: [com.tsystems.javaschool.common.entities.Train.timetables#2], was: [com.tsystems.javaschool.common.entities.Train.timetables#2] (initialized)
05-03-2013 15:54:37.835 21542 [pool-1-thread-2] DEBUG org.hibernate.engine.internal.Collections null - Collection found: [com.tsystems.javaschool.common.entities.Train.tickets#3], was: [com.tsystems.javaschool.common.entities.Train.tickets#3] (initialized)
05-03-2013 15:54:37.835 21542 [pool-1-thread-2] DEBUG org.hibernate.engine.internal.Collections null - Collection found: [com.tsystems.javaschool.common.entities.Train.timetables#3], was: [com.tsystems.javaschool.common.entities.Train.timetables#3] (initialized)
05-03-2013 15:54:37.835 21542 [pool-1-thread-2] DEBUG org.hibernate.engine.internal.Collections null - Collection found: [com.tsystems.javaschool.common.entities.Station.timetables#3], was: [com.tsystems.javaschool.common.entities.Station.timetables#3] (initialized)
05-03-2013 15:54:37.835 21542 [pool-1-thread-2] DEBUG org.hibernate.engine.internal.Collections null - Collection found: [com.tsystems.javaschool.common.entities.User.tickets#2], was: [com.tsystems.javaschool.common.entities.User.tickets#2] (initialized)
05-03-2013 15:54:37.835 21542 [pool-1-thread-2] DEBUG org.hibernate.engine.internal.Collections null - Collection found: [com.tsystems.javaschool.common.entities.Station.timetables#2], was: [com.tsystems.javaschool.common.entities.Station.timetables#2] (initialized)
05-03-2013 15:54:37.835 21542 [pool-1-thread-2] DEBUG org.hibernate.event.internal.AbstractFlushingEventListener null - Flushed: 0 insertions, 0 updates, 0 deletions to 22 objects
05-03-2013 15:54:37.835 21542 [pool-1-thread-2] DEBUG org.hibernate.event.internal.AbstractFlushingEventListener null - Flushed: 0 (re)creations, 0 updates, 0 removals to 14 collections
05-03-2013 15:54:37.835 21542 [pool-1-thread-2] DEBUG org.hibernate.internal.util.EntityPrinter null - Listing entities:
05-03-2013 15:54:37.835 21542 [pool-1-thread-2] DEBUG org.hibernate.internal.util.EntityPrinter null - com.tsystems.javaschool.common.entities.Timetable{id=4, time=07:45:00, station=com.tsystems.javaschool.common.entities.Station#2, train=com.tsystems.javaschool.common.entities.Train#2, stationType=3}
05-03-2013 15:54:37.835 21542 [pool-1-thread-2] DEBUG org.hibernate.internal.util.EntityPrinter null - com.tsystems.javaschool.common.entities.Ticket{id=2, train=com.tsystems.javaschool.common.entities.Train#4, date=2013-07-02, user=com.tsystems.javaschool.common.entities.User#1}
05-03-2013 15:54:37.835 21542 [pool-1-thread-2] DEBUG org.hibernate.internal.util.EntityPrinter null - com.tsystems.javaschool.common.entities.Ticket{id=3, train=com.tsystems.javaschool.common.entities.Train#4, date=2013-07-02, user=com.tsystems.javaschool.common.entities.User#2}
05-03-2013 15:54:37.835 21542 [pool-1-thread-2] DEBUG org.hibernate.internal.util.EntityPrinter null - com.tsystems.javaschool.common.entities.Timetable{id=3, time=22:45:00, station=com.tsystems.javaschool.common.entities.Station#1, train=com.tsystems.javaschool.common.entities.Train#2, stationType=1}
05-03-2013 15:54:37.835 21542 [pool-1-thread-2] DEBUG org.hibernate.internal.util.EntityPrinter null - com.tsystems.javaschool.common.entities.Ticket{id=4, train=com.tsystems.javaschool.common.entities.Train#3, date=2013-08-15, user=com.tsystems.javaschool.common.entities.User#2}
05-03-2013 15:54:37.835 21542 [pool-1-thread-2] DEBUG org.hibernate.internal.util.EntityPrinter null - com.tsystems.javaschool.common.entities.Timetable{id=6, time=07:40:00, station=com.tsystems.javaschool.common.entities.Station#5, train=com.tsystems.javaschool.common.entities.Train#4, stationType=3}
05-03-2013 15:54:37.835 21542 [pool-1-thread-2] DEBUG org.hibernate.internal.util.EntityPrinter null - com.tsystems.javaschool.common.entities.Timetable{id=5, time=19:45:00, station=com.tsystems.javaschool.common.entities.Station#1, train=com.tsystems.javaschool.common.entities.Train#4, stationType=1}
05-03-2013 15:54:37.835 21542 [pool-1-thread-2] DEBUG org.hibernate.internal.util.EntityPrinter null - com.tsystems.javaschool.common.entities.Timetable{id=2, time=07:30:00, station=com.tsystems.javaschool.common.entities.Station#2, train=com.tsystems.javaschool.common.entities.Train#1, stationType=3}
05-03-2013 15:54:37.835 21542 [pool-1-thread-2] DEBUG org.hibernate.internal.util.EntityPrinter null - com.tsystems.javaschool.common.entities.Ticket{id=1, train=com.tsystems.javaschool.common.entities.Train#1, date=2013-05-01, user=com.tsystems.javaschool.common.entities.User#1}
05-03-2013 15:54:37.835 21542 [pool-1-thread-2] DEBUG org.hibernate.internal.util.EntityPrinter null - com.tsystems.javaschool.common.entities.Timetable{id=1, time=23:45:00, station=com.tsystems.javaschool.common.entities.Station#1, train=com.tsystems.javaschool.common.entities.Train#1, stationType=1}
05-03-2013 15:54:37.835 21542 [pool-1-thread-2] DEBUG org.hibernate.internal.util.EntityPrinter null - com.tsystems.javaschool.common.entities.Station{id=3, name=Helsinki, timetables=[com.tsystems.javaschool.common.entities.Timetable#8]}
05-03-2013 15:54:37.835 21542 [pool-1-thread-2] DEBUG org.hibernate.internal.util.EntityPrinter null - com.tsystems.javaschool.common.entities.Train{id=3, name=Allegro, capacity=100, number=168, timetables=[com.tsystems.javaschool.common.entities.Timetable#7, com.tsystems.javaschool.common.entities.Timetable#8], tickets=[com.tsystems.javaschool.common.entities.Ticket#4]}
05-03-2013 15:54:37.835 21542 [pool-1-thread-2] DEBUG org.hibernate.internal.util.EntityPrinter null - com.tsystems.javaschool.common.entities.Station{id=2, name=Moscow, timetables=[com.tsystems.javaschool.common.entities.Timetable#2, com.tsystems.javaschool.common.entities.Timetable#4]}
05-03-2013 15:54:37.835 21542 [pool-1-thread-2] DEBUG org.hibernate.internal.util.EntityPrinter null - com.tsystems.javaschool.common.entities.Train{id=2, name=Krasnaya Strela, capacity=300, number=1, timetables=[com.tsystems.javaschool.common.entities.Timetable#3, com.tsystems.javaschool.common.entities.Timetable#4], tickets=[]}
05-03-2013 15:54:37.835 21542 [pool-1-thread-2] DEBUG org.hibernate.internal.util.EntityPrinter null - com.tsystems.javaschool.common.entities.Station{id=1, name=Saint-Petersburg, timetables=[com.tsystems.javaschool.common.entities.Timetable#7, com.tsystems.javaschool.common.entities.Timetable#3, com.tsystems.javaschool.common.entities.Timetable#5, com.tsystems.javaschool.common.entities.Timetable#1]}
05-03-2013 15:54:37.835 21542 [pool-1-thread-2] DEBUG org.hibernate.internal.util.EntityPrinter null - com.tsystems.javaschool.common.entities.Train{id=1, name=Grand Express, capacity=300, number=25, timetables=[com.tsystems.javaschool.common.entities.Timetable#2, com.tsystems.javaschool.common.entities.Timetable#1], tickets=[com.tsystems.javaschool.common.entities.Ticket#1]}
05-03-2013 15:54:37.835 21542 [pool-1-thread-2] DEBUG org.hibernate.internal.util.EntityPrinter null - com.tsystems.javaschool.common.entities.User{tsLogin=2013-03-01 18:44:04.0, id=1, status=1, email=alxmkv@mail.ru, name=Alexander, birthdate=1990-05-03, surname=Markov, login=alexm, password=alexm, tickets=[com.tsystems.javaschool.common.entities.Ticket#1, com.tsystems.javaschool.common.entities.Ticket#2], userType=1}
05-03-2013 15:54:37.835 21542 [pool-1-thread-2] DEBUG org.hibernate.internal.util.EntityPrinter null - com.tsystems.javaschool.common.entities.User{tsLogin=2013-03-01 18:44:04.0, id=2, status=1, email=ivanov@test.com, name=Petr, birthdate=1980-06-01, surname=Ivanov, login=user, password=user, tickets=[com.tsystems.javaschool.common.entities.Ticket#3, com.tsystems.javaschool.common.entities.Ticket#4], userType=2}
05-03-2013 15:54:37.835 21542 [pool-1-thread-2] DEBUG org.hibernate.internal.util.EntityPrinter null - com.tsystems.javaschool.common.entities.Timetable{id=7, time=18:00:00, station=com.tsystems.javaschool.common.entities.Station#1, train=com.tsystems.javaschool.common.entities.Train#3, stationType=1}
05-03-2013 15:54:37.835 21542 [pool-1-thread-2] DEBUG org.hibernate.internal.util.EntityPrinter null - com.tsystems.javaschool.common.entities.Station{id=5, name=Adler, timetables=[com.tsystems.javaschool.common.entities.Timetable#6]}
05-03-2013 15:54:37.835 21542 [pool-1-thread-2] DEBUG org.hibernate.internal.util.EntityPrinter null - com.tsystems.javaschool.common.entities.Timetable{id=8, time=21:20:00, station=com.tsystems.javaschool.common.entities.Station#3, train=com.tsystems.javaschool.common.entities.Train#3, stationType=3}
05-03-2013 15:54:37.835 21542 [pool-1-thread-2] DEBUG org.hibernate.internal.util.EntityPrinter null - More......
05-03-2013 15:54:37.835 21542 [pool-1-thread-2] DEBUG org.hibernate.engine.transaction.internal.jdbc.JdbcTransaction null - committed JDBC Connection
05-03-2013 15:54:37.835 21542 [pool-1-thread-2] DEBUG org.hibernate.engine.jdbc.internal.LogicalConnectionImpl null - Releasing JDBC connection
05-03-2013 15:54:37.835 21542 [pool-1-thread-2] DEBUG org.hibernate.engine.jdbc.internal.LogicalConnectionImpl null - Released JDBC connection
05-03-2013 15:54:37.835 21542 [pool-1-thread-2] DEBUG org.hibernate.engine.jdbc.internal.proxy.ConnectionProxyHandler null - HHH000163: Logical connection releasing its physical connection
05-03-2013 15:54:37.835 21542 [pool-1-thread-2] DEBUG org.hibernate.internal.SessionImpl null - Opened session at timestamp: 13624844778
05-03-2013 15:54:45.637 29344 [pool-1-thread-2] DEBUG org.hibernate.internal.SessionImpl null - Opened session at timestamp: 13624844856
05-03-2013 15:54:45.637 29344 [pool-1-thread-2] DEBUG org.hibernate.engine.transaction.spi.AbstractTransactionImpl null - begin
05-03-2013 15:54:45.637 29344 [pool-1-thread-2] DEBUG org.hibernate.engine.jdbc.internal.LogicalConnectionImpl null - Obtaining JDBC connection
05-03-2013 15:54:45.637 29344 [pool-1-thread-2] DEBUG org.hibernate.engine.jdbc.internal.LogicalConnectionImpl null - Obtained JDBC connection
05-03-2013 15:54:45.637 29344 [pool-1-thread-2] DEBUG org.hibernate.engine.transaction.internal.jdbc.JdbcTransaction null - initial autocommit status: false
05-03-2013 15:54:45.637 29344 [pool-1-thread-2] DEBUG org.hibernate.SQL null - select timetable0_.time as col_0_0_ from Railway.timetable timetable0_ where timetable0_.station_id=(select station1_.id from Railway.stations station1_ where station1_.name=?)
05-03-2013 15:54:45.637 29344 [pool-1-thread-2] DEBUG org.hibernate.loader.Loader null - Result set row: 0
05-03-2013 15:54:45.637 29344 [pool-1-thread-2] DEBUG org.hibernate.loader.Loader null - Result row: 
05-03-2013 15:54:45.637 29344 [pool-1-thread-2] DEBUG org.hibernate.loader.Loader null - Result set row: 1
05-03-2013 15:54:45.637 29344 [pool-1-thread-2] DEBUG org.hibernate.loader.Loader null - Result row: 
05-03-2013 15:54:45.637 29344 [pool-1-thread-2] DEBUG org.hibernate.loader.Loader null - Result set row: 2
05-03-2013 15:54:45.637 29344 [pool-1-thread-2] DEBUG org.hibernate.loader.Loader null - Result row: 
05-03-2013 15:54:45.637 29344 [pool-1-thread-2] DEBUG org.hibernate.loader.Loader null - Result set row: 3
05-03-2013 15:54:45.637 29344 [pool-1-thread-2] DEBUG org.hibernate.loader.Loader null - Result row: 
05-03-2013 15:54:45.637 29344 [pool-1-thread-2] DEBUG org.hibernate.engine.internal.StatefulPersistenceContext null - Initializing non-lazy collections
05-03-2013 15:54:45.637 29344 [pool-1-thread-2] DEBUG org.hibernate.engine.transaction.spi.AbstractTransactionImpl null - committing
05-03-2013 15:54:45.637 29344 [pool-1-thread-2] DEBUG org.hibernate.engine.transaction.internal.jdbc.JdbcTransaction null - committed JDBC Connection
05-03-2013 15:54:45.637 29344 [pool-1-thread-2] DEBUG org.hibernate.engine.jdbc.internal.LogicalConnectionImpl null - Releasing JDBC connection
05-03-2013 15:54:45.637 29344 [pool-1-thread-2] DEBUG org.hibernate.engine.jdbc.internal.LogicalConnectionImpl null - Released JDBC connection
05-03-2013 15:54:45.637 29344 [pool-1-thread-2] DEBUG org.hibernate.engine.jdbc.internal.proxy.ConnectionProxyHandler null - HHH000163: Logical connection releasing its physical connection
05-03-2013 15:54:45.637 29344 [pool-1-thread-2] DEBUG org.hibernate.internal.SessionImpl null - Opened session at timestamp: 13624844856
05-03-2013 15:54:52.846 36553 [pool-1-thread-2] WARN com.tsystems.javaschool.serverappl.netutils.SessionTask null - Session #03b3ea6c-1d4f-4777-b895-de3ea534b60d client disconnected
